<?xml version="1.0" encoding="UTF-8"?>
<!-- Generated by org.testng.reporters.JUnitReportReporter -->
<testsuite hostname="Dexter" failures="0" tests="4" name="testScripts.BasicAuthSample" time="6.947" errors="0" timestamp="2022-02-07T15:56:29 IST" skipped="0">
  <testcase classname="testScripts.BasicAuthSample" name="getWeatherWithAPI" time="0.239"/>
  <system-out/>
  <testcase classname="testScripts.BasicAuthSample" name="validateCountry" time="0.364"/>
  <system-out/>
  <testcase classname="testScripts.BasicAuthSample" name="getAnything" time="6.082"/>
  <system-out/>
  <testcase classname="testScripts.BasicAuthSample" name="getWeather" time="0.262"/>
  <system-out/>
</testsuite> <!-- testScripts.BasicAuthSample -->
