<?xml version="1.0" encoding="UTF-8"?>
<!-- Generated by org.testng.reporters.JUnitReportReporter -->
<testsuite hostname="Dexter" failures="0" tests="1" name="testScripts.PostRequestSample" time="4.872" errors="0" timestamp="2022-02-07T14:51:31 IST" skipped="0">
  <testcase classname="testScripts.PostRequestSample" name="postUserWithAuth" time="4.872"/>
  <system-out/>
</testsuite> <!-- testScripts.PostRequestSample -->
