<?xml version="1.0" encoding="UTF-8"?>
<!-- Generated by org.testng.reporters.JUnitReportReporter -->
<testsuite hostname="Dexter" failures="0" tests="2" name="testScripts.PutRequestSample" time="5.728" errors="0" timestamp="2022-02-07T16:39:10 IST" skipped="0">
  <testcase classname="testScripts.PutRequestSample" name="deleteUser" time="5.083"/>
  <system-out/>
  <testcase classname="testScripts.PutRequestSample" name="updateUser" time="0.645"/>
  <system-out/>
</testsuite> <!-- testScripts.PutRequestSample -->
